<?xml version="1.0" encoding="UTF-8"?>
<TestRun id="66991bfd-6304-4b50-a497-bcea98f63f59" name="Nineleaps-HR@LAPTOP-C08IJ7DH 2017-07-07 12:38:41" runUser="LAPTOP-C08IJ7DH\Nineleaps-HR" xmlns="http://microsoft.com/schemas/VisualStudio/TeamTest/2010">
  <Times creation="2017-07-07T12:38:41.5620147+05:30" queuing="2017-07-07T12:38:41.5620147+05:30" start="2017-07-07T12:38:36.1848791+05:30" finish="2017-07-07T12:38:41.9368549+05:30" />
  <TestSettings name="default" id="8a27c0ef-4920-4abd-96f2-a1d34066215c">
    <Execution>
      <TestTypeSpecific />
    </Execution>
    <Deployment runDeploymentRoot="Nineleaps-HR_LAPTOP-C08IJ7DH 2017-07-07 12_38_41" />
    <Properties />
  </TestSettings>
  <Results>
    <UnitTestResult executionId="65d7a854-bb85-4d5e-a2c9-3be395631243" testId="2e8a0704-fa9b-d9de-3cdc-c1ccf5f7ac54" testName="GetStats_ShouldReturnAllStats" computerName="LAPTOP-C08IJ7DH" duration="00:00:01.8022632" startTime="2017-07-07T12:38:39.1747017+05:30" endTime="2017-07-07T12:38:41.3588699+05:30" testType="13cdc9d9-ddb5-4fa4-a97d-d965ccfc6d4b" outcome="Passed" testListId="8c84fa94-04c1-424b-9868-57a2d4851a1d" relativeResultsDirectory="65d7a854-bb85-4d5e-a2c9-3be395631243" />
    <UnitTestResult executionId="e338ccef-2439-4ad9-b853-9a30bb08b6f0" testId="a75edaa1-3902-3b50-c3c8-99ed332d41ac" testName="GetStats_ShouldReturnStatsByIdAsync" computerName="LAPTOP-C08IJ7DH" duration="00:00:00.0468715" startTime="2017-07-07T12:38:41.3893922+05:30" endTime="2017-07-07T12:38:41.4369253+05:30" testType="13cdc9d9-ddb5-4fa4-a97d-d965ccfc6d4b" outcome="Passed" testListId="8c84fa94-04c1-424b-9868-57a2d4851a1d" relativeResultsDirectory="e338ccef-2439-4ad9-b853-9a30bb08b6f0" />
    <UnitTestResult executionId="4737a039-82ed-4601-a53d-391aa435d010" testId="7397f6b3-19e7-e82f-0eeb-57f2b2ab0084" testName="GetStats_ShouldReturnNotFound" computerName="LAPTOP-C08IJ7DH" duration="00:00:00.0223981" startTime="2017-07-07T12:38:41.4374264+05:30" endTime="2017-07-07T12:38:41.4604418+05:30" testType="13cdc9d9-ddb5-4fa4-a97d-d965ccfc6d4b" outcome="Passed" testListId="8c84fa94-04c1-424b-9868-57a2d4851a1d" relativeResultsDirectory="4737a039-82ed-4601-a53d-391aa435d010" />
    <UnitTestResult executionId="9ccd7770-b894-48cc-b590-9490161ffd9a" testId="64e70e7b-e5b4-bc86-aaca-ce1cc21d3eb9" testName="PutStats_ShouldReturnInvalidModelState" computerName="LAPTOP-C08IJ7DH" duration="00:00:00.0326922" startTime="2017-07-07T12:38:41.4614416+05:30" endTime="2017-07-07T12:38:41.4944660+05:30" testType="13cdc9d9-ddb5-4fa4-a97d-d965ccfc6d4b" outcome="Passed" testListId="8c84fa94-04c1-424b-9868-57a2d4851a1d" relativeResultsDirectory="9ccd7770-b894-48cc-b590-9490161ffd9a" />
    <UnitTestResult executionId="f6ebe18c-ffb7-4b2e-a9a9-adc4e26c2375" testId="cc49bef4-3241-7592-99e7-b67f160e7067" testName="PutStats_ShouldReturnBadRequest" computerName="LAPTOP-C08IJ7DH" duration="00:00:00.0198378" startTime="2017-07-07T12:38:41.4944660+05:30" endTime="2017-07-07T12:38:41.5149808+05:30" testType="13cdc9d9-ddb5-4fa4-a97d-d965ccfc6d4b" outcome="Passed" testListId="8c84fa94-04c1-424b-9868-57a2d4851a1d" relativeResultsDirectory="f6ebe18c-ffb7-4b2e-a9a9-adc4e26c2375" />
    <UnitTestResult executionId="88ee96c8-11bb-4f62-a1eb-db176ef0baf6" testId="ba07bbce-aa1c-2fb9-f837-be2dc84acb32" testName="PutStats_ShouldReturnStatusCode" computerName="LAPTOP-C08IJ7DH" duration="00:00:00.0308032" startTime="2017-07-07T12:38:41.5149808+05:30" endTime="2017-07-07T12:38:41.5460033+05:30" testType="13cdc9d9-ddb5-4fa4-a97d-d965ccfc6d4b" outcome="Passed" testListId="8c84fa94-04c1-424b-9868-57a2d4851a1d" relativeResultsDirectory="88ee96c8-11bb-4f62-a1eb-db176ef0baf6" />
    <UnitTestResult executionId="f07bb56e-4382-489f-af4b-84b1eb9c9bae" testId="67815242-94ed-efab-e658-8cd767478765" testName="PutAuth_ShouldRaiseException" computerName="LAPTOP-C08IJ7DH" duration="00:00:00.1030443" startTime="2017-07-07T12:38:41.5460033+05:30" endTime="2017-07-07T12:38:41.6500917+05:30" testType="13cdc9d9-ddb5-4fa4-a97d-d965ccfc6d4b" outcome="Passed" testListId="8c84fa94-04c1-424b-9868-57a2d4851a1d" relativeResultsDirectory="f07bb56e-4382-489f-af4b-84b1eb9c9bae" />
    <UnitTestResult executionId="ea7167b5-b768-4dce-881b-1dc88b9c7972" testId="7794087a-3068-12db-776e-a2ab66984257" testName="PostStats_ShouldPostStats" computerName="LAPTOP-C08IJ7DH" duration="00:00:00.0246776" startTime="2017-07-07T12:38:41.6500917+05:30" endTime="2017-07-07T12:38:41.6751099+05:30" testType="13cdc9d9-ddb5-4fa4-a97d-d965ccfc6d4b" outcome="Passed" testListId="8c84fa94-04c1-424b-9868-57a2d4851a1d" relativeResultsDirectory="ea7167b5-b768-4dce-881b-1dc88b9c7972" />
    <UnitTestResult executionId="6a515f2f-d9da-4442-a5cf-53f9df66effc" testId="a722a231-acd7-d1dd-ab27-53718695e1d0" testName="PostStats_ShouldReturnInvalidModelState" computerName="LAPTOP-C08IJ7DH" duration="00:00:00.0139730" startTime="2017-07-07T12:38:41.6751099+05:30" endTime="2017-07-07T12:38:41.6896214+05:30" testType="13cdc9d9-ddb5-4fa4-a97d-d965ccfc6d4b" outcome="Passed" testListId="8c84fa94-04c1-424b-9868-57a2d4851a1d" relativeResultsDirectory="6a515f2f-d9da-4442-a5cf-53f9df66effc" />
    <UnitTestResult executionId="9e63f080-65fa-4607-bd52-bf3e57ffb341" testId="3c818b01-4acc-b659-2a56-5abb108ff939" testName="DeleteStats_ShouldDeleteStatsByIdAsync" computerName="LAPTOP-C08IJ7DH" duration="00:00:00.0138891" startTime="2017-07-07T12:38:41.6896214+05:30" endTime="2017-07-07T12:38:41.7036295+05:30" testType="13cdc9d9-ddb5-4fa4-a97d-d965ccfc6d4b" outcome="Passed" testListId="8c84fa94-04c1-424b-9868-57a2d4851a1d" relativeResultsDirectory="9e63f080-65fa-4607-bd52-bf3e57ffb341" />
    <UnitTestResult executionId="af898c7b-ee36-4e6b-967c-97a7c2fb6738" testId="edb31493-5f23-ac75-a8cf-18873fca2b3c" testName="DeleteStats_ShouldNotFound" computerName="LAPTOP-C08IJ7DH" duration="00:00:00.0143780" startTime="2017-07-07T12:38:41.7041301+05:30" endTime="2017-07-07T12:38:41.7191403+05:30" testType="13cdc9d9-ddb5-4fa4-a97d-d965ccfc6d4b" outcome="Passed" testListId="8c84fa94-04c1-424b-9868-57a2d4851a1d" relativeResultsDirectory="af898c7b-ee36-4e6b-967c-97a7c2fb6738" />
    <UnitTestResult executionId="71cf51b7-e36f-4506-b1bc-1bfaea20dfa3" testId="f27b8258-fc52-94e1-bbd1-0b587dac64ac" testName="GetAuths_ShouldReturnAllAuths" computerName="LAPTOP-C08IJ7DH" duration="00:00:00.0566117" startTime="2017-07-07T12:38:41.7191403+05:30" endTime="2017-07-07T12:38:41.7766814+05:30" testType="13cdc9d9-ddb5-4fa4-a97d-d965ccfc6d4b" outcome="Passed" testListId="8c84fa94-04c1-424b-9868-57a2d4851a1d" relativeResultsDirectory="71cf51b7-e36f-4506-b1bc-1bfaea20dfa3" />
    <UnitTestResult executionId="6deb69f7-3124-47e3-adb9-4087a6efab8e" testId="65cd639c-8d81-46af-f1b1-f9f49a9cf5ca" testName="GetAuths_ShouldReturnAuthsByIdAsync" computerName="LAPTOP-C08IJ7DH" duration="00:00:00.0110619" startTime="2017-07-07T12:38:41.7766814+05:30" endTime="2017-07-07T12:38:41.7881912+05:30" testType="13cdc9d9-ddb5-4fa4-a97d-d965ccfc6d4b" outcome="Passed" testListId="8c84fa94-04c1-424b-9868-57a2d4851a1d" relativeResultsDirectory="6deb69f7-3124-47e3-adb9-4087a6efab8e" />
    <UnitTestResult executionId="6813ab43-efb3-493f-b057-04ada45ca31f" testId="2eb557b6-c2d2-291c-f185-76ea8a8dc2d1" testName="GetAuths_ShouldReturnNotFound" computerName="LAPTOP-C08IJ7DH" duration="00:00:00.0084414" startTime="2017-07-07T12:38:41.7881912+05:30" endTime="2017-07-07T12:38:41.7971962+05:30" testType="13cdc9d9-ddb5-4fa4-a97d-d965ccfc6d4b" outcome="Passed" testListId="8c84fa94-04c1-424b-9868-57a2d4851a1d" relativeResultsDirectory="6813ab43-efb3-493f-b057-04ada45ca31f" />
    <UnitTestResult executionId="d29ddd68-e2a4-4966-bb52-d4c10181a848" testId="e3663904-abd3-69bb-be42-950277ecab3b" testName="PutAuths_ShouldReturnInvalidModelState" computerName="LAPTOP-C08IJ7DH" duration="00:00:00.0080588" startTime="2017-07-07T12:38:41.7971962+05:30" endTime="2017-07-07T12:38:41.8057029+05:30" testType="13cdc9d9-ddb5-4fa4-a97d-d965ccfc6d4b" outcome="Passed" testListId="8c84fa94-04c1-424b-9868-57a2d4851a1d" relativeResultsDirectory="d29ddd68-e2a4-4966-bb52-d4c10181a848" />
    <UnitTestResult executionId="d3589227-c623-4448-a4c2-6ae8e028aa56" testId="7d551046-1ca2-9c77-adfe-6f3a9497c675" testName="PutAuths_ShouldReturnBadRequest" computerName="LAPTOP-C08IJ7DH" duration="00:00:00.0067297" startTime="2017-07-07T12:38:41.8057029+05:30" endTime="2017-07-07T12:38:41.8124215+05:30" testType="13cdc9d9-ddb5-4fa4-a97d-d965ccfc6d4b" outcome="Passed" testListId="8c84fa94-04c1-424b-9868-57a2d4851a1d" relativeResultsDirectory="d3589227-c623-4448-a4c2-6ae8e028aa56" />
    <UnitTestResult executionId="3b89b7d3-754d-4052-96d8-c1d538224016" testId="39caf363-ec9a-ee24-aad6-62212782845a" testName="PutAuths_ShouldReturnStatusCode" computerName="LAPTOP-C08IJ7DH" duration="00:00:00.0093129" startTime="2017-07-07T12:38:41.8129216+05:30" endTime="2017-07-07T12:38:41.8224276+05:30" testType="13cdc9d9-ddb5-4fa4-a97d-d965ccfc6d4b" outcome="Passed" testListId="8c84fa94-04c1-424b-9868-57a2d4851a1d" relativeResultsDirectory="3b89b7d3-754d-4052-96d8-c1d538224016" />
    <UnitTestResult executionId="0115aab2-b67b-41c4-b7b3-3f1e599e4f70" testId="cfdd1063-d828-b851-29d0-9d0ebef7631d" testName="PutAuth_ShouldRaiseException" computerName="LAPTOP-C08IJ7DH" duration="00:00:00.0109649" startTime="2017-07-07T12:38:41.8224276+05:30" endTime="2017-07-07T12:38:41.8339888+05:30" testType="13cdc9d9-ddb5-4fa4-a97d-d965ccfc6d4b" outcome="Passed" testListId="8c84fa94-04c1-424b-9868-57a2d4851a1d" relativeResultsDirectory="0115aab2-b67b-41c4-b7b3-3f1e599e4f70" />
    <UnitTestResult executionId="d0c76731-d291-4b17-8dde-1b71ff66d7d0" testId="18330eee-9409-b83d-c2fa-895e6c352920" testName="PostAuths_ShouldPostAuths" computerName="LAPTOP-C08IJ7DH" duration="00:00:00.0090735" startTime="2017-07-07T12:38:41.8339888+05:30" endTime="2017-07-07T12:38:41.8431757+05:30" testType="13cdc9d9-ddb5-4fa4-a97d-d965ccfc6d4b" outcome="Passed" testListId="8c84fa94-04c1-424b-9868-57a2d4851a1d" relativeResultsDirectory="d0c76731-d291-4b17-8dde-1b71ff66d7d0" />
    <UnitTestResult executionId="5c55e2f0-69bf-47d1-83a7-7a8a8a522b00" testId="f96b525a-8ae1-28eb-2ef4-501275dcf31c" testName="PostAuths_ShouldReturnInvalidModelState" computerName="LAPTOP-C08IJ7DH" duration="00:00:00.0089732" startTime="2017-07-07T12:38:41.8431757+05:30" endTime="2017-07-07T12:38:41.8526822+05:30" testType="13cdc9d9-ddb5-4fa4-a97d-d965ccfc6d4b" outcome="Passed" testListId="8c84fa94-04c1-424b-9868-57a2d4851a1d" relativeResultsDirectory="5c55e2f0-69bf-47d1-83a7-7a8a8a522b00" />
    <UnitTestResult executionId="32f76e9e-fd4e-497d-947f-a1c0b384016a" testId="d0c8c421-a10b-7ffb-4f92-38b6e875c470" testName="DeleteAuths_ShouldDeleteAuthsByIdAsync" computerName="LAPTOP-C08IJ7DH" duration="00:00:00.0142091" startTime="2017-07-07T12:38:41.8526822+05:30" endTime="2017-07-07T12:38:41.8671932+05:30" testType="13cdc9d9-ddb5-4fa4-a97d-d965ccfc6d4b" outcome="Passed" testListId="8c84fa94-04c1-424b-9868-57a2d4851a1d" relativeResultsDirectory="32f76e9e-fd4e-497d-947f-a1c0b384016a" />
    <UnitTestResult executionId="904960c1-6c96-4633-918e-1d9560a01925" testId="3e288352-db03-7c8d-1802-be04ec3aa18c" testName="DeleteAuths_ShouldNotFound" computerName="LAPTOP-C08IJ7DH" duration="00:00:00.0090567" startTime="2017-07-07T12:38:41.8671932+05:30" endTime="2017-07-07T12:38:41.8768267+05:30" testType="13cdc9d9-ddb5-4fa4-a97d-d965ccfc6d4b" outcome="Passed" testListId="8c84fa94-04c1-424b-9868-57a2d4851a1d" relativeResultsDirectory="904960c1-6c96-4633-918e-1d9560a01925" />
  </Results>
  <TestDefinitions>
    <UnitTest name="GetStats_ShouldReturnAllStats" storage="d:\workspace\ads\adsapp.test\bin\debug\adsapp.test.dll" id="2e8a0704-fa9b-d9de-3cdc-c1ccf5f7ac54">
      <Execution id="65d7a854-bb85-4d5e-a2c9-3be395631243" />
      <TestMethod codeBase="D:\Workspace\Ads\AdsApp.Test\bin\Debug\AdsApp.Test.dll" adapterTypeName="Microsoft.VisualStudio.TestTools.TestTypes.Unit.UnitTestAdapter" className="AdsApp.Test.TestStatsController" name="GetStats_ShouldReturnAllStats" />
    </UnitTest>
    <UnitTest name="GetStats_ShouldReturnStatsByIdAsync" storage="d:\workspace\ads\adsapp.test\bin\debug\adsapp.test.dll" id="a75edaa1-3902-3b50-c3c8-99ed332d41ac">
      <Execution id="e338ccef-2439-4ad9-b853-9a30bb08b6f0" />
      <TestMethod codeBase="D:\Workspace\Ads\AdsApp.Test\bin\Debug\AdsApp.Test.dll" adapterTypeName="Microsoft.VisualStudio.TestTools.TestTypes.Unit.UnitTestAdapter" className="AdsApp.Test.TestStatsController" name="GetStats_ShouldReturnStatsByIdAsync" />
    </UnitTest>
    <UnitTest name="GetStats_ShouldReturnNotFound" storage="d:\workspace\ads\adsapp.test\bin\debug\adsapp.test.dll" id="7397f6b3-19e7-e82f-0eeb-57f2b2ab0084">
      <Execution id="4737a039-82ed-4601-a53d-391aa435d010" />
      <TestMethod codeBase="D:\Workspace\Ads\AdsApp.Test\bin\Debug\AdsApp.Test.dll" adapterTypeName="Microsoft.VisualStudio.TestTools.TestTypes.Unit.UnitTestAdapter" className="AdsApp.Test.TestStatsController" name="GetStats_ShouldReturnNotFound" />
    </UnitTest>
    <UnitTest name="PutStats_ShouldReturnInvalidModelState" storage="d:\workspace\ads\adsapp.test\bin\debug\adsapp.test.dll" id="64e70e7b-e5b4-bc86-aaca-ce1cc21d3eb9">
      <Execution id="9ccd7770-b894-48cc-b590-9490161ffd9a" />
      <TestMethod codeBase="D:\Workspace\Ads\AdsApp.Test\bin\Debug\AdsApp.Test.dll" adapterTypeName="Microsoft.VisualStudio.TestTools.TestTypes.Unit.UnitTestAdapter" className="AdsApp.Test.TestStatsController" name="PutStats_ShouldReturnInvalidModelState" />
    </UnitTest>
    <UnitTest name="PutStats_ShouldReturnBadRequest" storage="d:\workspace\ads\adsapp.test\bin\debug\adsapp.test.dll" id="cc49bef4-3241-7592-99e7-b67f160e7067">
      <Execution id="f6ebe18c-ffb7-4b2e-a9a9-adc4e26c2375" />
      <TestMethod codeBase="D:\Workspace\Ads\AdsApp.Test\bin\Debug\AdsApp.Test.dll" adapterTypeName="Microsoft.VisualStudio.TestTools.TestTypes.Unit.UnitTestAdapter" className="AdsApp.Test.TestStatsController" name="PutStats_ShouldReturnBadRequest" />
    </UnitTest>
    <UnitTest name="PutStats_ShouldReturnStatusCode" storage="d:\workspace\ads\adsapp.test\bin\debug\adsapp.test.dll" id="ba07bbce-aa1c-2fb9-f837-be2dc84acb32">
      <Execution id="88ee96c8-11bb-4f62-a1eb-db176ef0baf6" />
      <TestMethod codeBase="D:\Workspace\Ads\AdsApp.Test\bin\Debug\AdsApp.Test.dll" adapterTypeName="Microsoft.VisualStudio.TestTools.TestTypes.Unit.UnitTestAdapter" className="AdsApp.Test.TestStatsController" name="PutStats_ShouldReturnStatusCode" />
    </UnitTest>
    <UnitTest name="PutAuth_ShouldRaiseException" storage="d:\workspace\ads\adsapp.test\bin\debug\adsapp.test.dll" id="67815242-94ed-efab-e658-8cd767478765">
      <Execution id="f07bb56e-4382-489f-af4b-84b1eb9c9bae" />
      <TestMethod codeBase="D:\Workspace\Ads\AdsApp.Test\bin\Debug\AdsApp.Test.dll" adapterTypeName="Microsoft.VisualStudio.TestTools.TestTypes.Unit.UnitTestAdapter" className="AdsApp.Test.TestStatsController" name="PutAuth_ShouldRaiseException" />
    </UnitTest>
    <UnitTest name="PostStats_ShouldPostStats" storage="d:\workspace\ads\adsapp.test\bin\debug\adsapp.test.dll" id="7794087a-3068-12db-776e-a2ab66984257">
      <Execution id="ea7167b5-b768-4dce-881b-1dc88b9c7972" />
      <TestMethod codeBase="D:\Workspace\Ads\AdsApp.Test\bin\Debug\AdsApp.Test.dll" adapterTypeName="Microsoft.VisualStudio.TestTools.TestTypes.Unit.UnitTestAdapter" className="AdsApp.Test.TestStatsController" name="PostStats_ShouldPostStats" />
    </UnitTest>
    <UnitTest name="PostStats_ShouldReturnInvalidModelState" storage="d:\workspace\ads\adsapp.test\bin\debug\adsapp.test.dll" id="a722a231-acd7-d1dd-ab27-53718695e1d0">
      <Execution id="6a515f2f-d9da-4442-a5cf-53f9df66effc" />
      <TestMethod codeBase="D:\Workspace\Ads\AdsApp.Test\bin\Debug\AdsApp.Test.dll" adapterTypeName="Microsoft.VisualStudio.TestTools.TestTypes.Unit.UnitTestAdapter" className="AdsApp.Test.TestStatsController" name="PostStats_ShouldReturnInvalidModelState" />
    </UnitTest>
    <UnitTest name="DeleteStats_ShouldDeleteStatsByIdAsync" storage="d:\workspace\ads\adsapp.test\bin\debug\adsapp.test.dll" id="3c818b01-4acc-b659-2a56-5abb108ff939">
      <Execution id="9e63f080-65fa-4607-bd52-bf3e57ffb341" />
      <TestMethod codeBase="D:\Workspace\Ads\AdsApp.Test\bin\Debug\AdsApp.Test.dll" adapterTypeName="Microsoft.VisualStudio.TestTools.TestTypes.Unit.UnitTestAdapter" className="AdsApp.Test.TestStatsController" name="DeleteStats_ShouldDeleteStatsByIdAsync" />
    </UnitTest>
    <UnitTest name="DeleteStats_ShouldNotFound" storage="d:\workspace\ads\adsapp.test\bin\debug\adsapp.test.dll" id="edb31493-5f23-ac75-a8cf-18873fca2b3c">
      <Execution id="af898c7b-ee36-4e6b-967c-97a7c2fb6738" />
      <TestMethod codeBase="D:\Workspace\Ads\AdsApp.Test\bin\Debug\AdsApp.Test.dll" adapterTypeName="Microsoft.VisualStudio.TestTools.TestTypes.Unit.UnitTestAdapter" className="AdsApp.Test.TestStatsController" name="DeleteStats_ShouldNotFound" />
    </UnitTest>
    <UnitTest name="GetAuths_ShouldReturnAllAuths" storage="d:\workspace\ads\adsapp.test\bin\debug\adsapp.test.dll" id="f27b8258-fc52-94e1-bbd1-0b587dac64ac">
      <Execution id="71cf51b7-e36f-4506-b1bc-1bfaea20dfa3" />
      <TestMethod codeBase="D:\Workspace\Ads\AdsApp.Test\bin\Debug\AdsApp.Test.dll" adapterTypeName="Microsoft.VisualStudio.TestTools.TestTypes.Unit.UnitTestAdapter" className="AdsApp.Test.TestAuthsController" name="GetAuths_ShouldReturnAllAuths" />
    </UnitTest>
    <UnitTest name="GetAuths_ShouldReturnAuthsByIdAsync" storage="d:\workspace\ads\adsapp.test\bin\debug\adsapp.test.dll" id="65cd639c-8d81-46af-f1b1-f9f49a9cf5ca">
      <Execution id="6deb69f7-3124-47e3-adb9-4087a6efab8e" />
      <TestMethod codeBase="D:\Workspace\Ads\AdsApp.Test\bin\Debug\AdsApp.Test.dll" adapterTypeName="Microsoft.VisualStudio.TestTools.TestTypes.Unit.UnitTestAdapter" className="AdsApp.Test.TestAuthsController" name="GetAuths_ShouldReturnAuthsByIdAsync" />
    </UnitTest>
    <UnitTest name="GetAuths_ShouldReturnNotFound" storage="d:\workspace\ads\adsapp.test\bin\debug\adsapp.test.dll" id="2eb557b6-c2d2-291c-f185-76ea8a8dc2d1">
      <Execution id="6813ab43-efb3-493f-b057-04ada45ca31f" />
      <TestMethod codeBase="D:\Workspace\Ads\AdsApp.Test\bin\Debug\AdsApp.Test.dll" adapterTypeName="Microsoft.VisualStudio.TestTools.TestTypes.Unit.UnitTestAdapter" className="AdsApp.Test.TestAuthsController" name="GetAuths_ShouldReturnNotFound" />
    </UnitTest>
    <UnitTest name="PutAuths_ShouldReturnInvalidModelState" storage="d:\workspace\ads\adsapp.test\bin\debug\adsapp.test.dll" id="e3663904-abd3-69bb-be42-950277ecab3b">
      <Execution id="d29ddd68-e2a4-4966-bb52-d4c10181a848" />
      <TestMethod codeBase="D:\Workspace\Ads\AdsApp.Test\bin\Debug\AdsApp.Test.dll" adapterTypeName="Microsoft.VisualStudio.TestTools.TestTypes.Unit.UnitTestAdapter" className="AdsApp.Test.TestAuthsController" name="PutAuths_ShouldReturnInvalidModelState" />
    </UnitTest>
    <UnitTest name="PutAuths_ShouldReturnBadRequest" storage="d:\workspace\ads\adsapp.test\bin\debug\adsapp.test.dll" id="7d551046-1ca2-9c77-adfe-6f3a9497c675">
      <Execution id="d3589227-c623-4448-a4c2-6ae8e028aa56" />
      <TestMethod codeBase="D:\Workspace\Ads\AdsApp.Test\bin\Debug\AdsApp.Test.dll" adapterTypeName="Microsoft.VisualStudio.TestTools.TestTypes.Unit.UnitTestAdapter" className="AdsApp.Test.TestAuthsController" name="PutAuths_ShouldReturnBadRequest" />
    </UnitTest>
    <UnitTest name="PutAuths_ShouldReturnStatusCode" storage="d:\workspace\ads\adsapp.test\bin\debug\adsapp.test.dll" id="39caf363-ec9a-ee24-aad6-62212782845a">
      <Execution id="3b89b7d3-754d-4052-96d8-c1d538224016" />
      <TestMethod codeBase="D:\Workspace\Ads\AdsApp.Test\bin\Debug\AdsApp.Test.dll" adapterTypeName="Microsoft.VisualStudio.TestTools.TestTypes.Unit.UnitTestAdapter" className="AdsApp.Test.TestAuthsController" name="PutAuths_ShouldReturnStatusCode" />
    </UnitTest>
    <UnitTest name="PutAuth_ShouldRaiseException" storage="d:\workspace\ads\adsapp.test\bin\debug\adsapp.test.dll" id="cfdd1063-d828-b851-29d0-9d0ebef7631d">
      <Execution id="0115aab2-b67b-41c4-b7b3-3f1e599e4f70" />
      <TestMethod codeBase="D:\Workspace\Ads\AdsApp.Test\bin\Debug\AdsApp.Test.dll" adapterTypeName="Microsoft.VisualStudio.TestTools.TestTypes.Unit.UnitTestAdapter" className="AdsApp.Test.TestAuthsController" name="PutAuth_ShouldRaiseException" />
    </UnitTest>
    <UnitTest name="PostAuths_ShouldPostAuths" storage="d:\workspace\ads\adsapp.test\bin\debug\adsapp.test.dll" id="18330eee-9409-b83d-c2fa-895e6c352920">
      <Execution id="d0c76731-d291-4b17-8dde-1b71ff66d7d0" />
      <TestMethod codeBase="D:\Workspace\Ads\AdsApp.Test\bin\Debug\AdsApp.Test.dll" adapterTypeName="Microsoft.VisualStudio.TestTools.TestTypes.Unit.UnitTestAdapter" className="AdsApp.Test.TestAuthsController" name="PostAuths_ShouldPostAuths" />
    </UnitTest>
    <UnitTest name="PostAuths_ShouldReturnInvalidModelState" storage="d:\workspace\ads\adsapp.test\bin\debug\adsapp.test.dll" id="f96b525a-8ae1-28eb-2ef4-501275dcf31c">
      <Execution id="5c55e2f0-69bf-47d1-83a7-7a8a8a522b00" />
      <TestMethod codeBase="D:\Workspace\Ads\AdsApp.Test\bin\Debug\AdsApp.Test.dll" adapterTypeName="Microsoft.VisualStudio.TestTools.TestTypes.Unit.UnitTestAdapter" className="AdsApp.Test.TestAuthsController" name="PostAuths_ShouldReturnInvalidModelState" />
    </UnitTest>
    <UnitTest name="DeleteAuths_ShouldDeleteAuthsByIdAsync" storage="d:\workspace\ads\adsapp.test\bin\debug\adsapp.test.dll" id="d0c8c421-a10b-7ffb-4f92-38b6e875c470">
      <Execution id="32f76e9e-fd4e-497d-947f-a1c0b384016a" />
      <TestMethod codeBase="D:\Workspace\Ads\AdsApp.Test\bin\Debug\AdsApp.Test.dll" adapterTypeName="Microsoft.VisualStudio.TestTools.TestTypes.Unit.UnitTestAdapter" className="AdsApp.Test.TestAuthsController" name="DeleteAuths_ShouldDeleteAuthsByIdAsync" />
    </UnitTest>
    <UnitTest name="DeleteAuths_ShouldNotFound" storage="d:\workspace\ads\adsapp.test\bin\debug\adsapp.test.dll" id="3e288352-db03-7c8d-1802-be04ec3aa18c">
      <Execution id="904960c1-6c96-4633-918e-1d9560a01925" />
      <TestMethod codeBase="D:\Workspace\Ads\AdsApp.Test\bin\Debug\AdsApp.Test.dll" adapterTypeName="Microsoft.VisualStudio.TestTools.TestTypes.Unit.UnitTestAdapter" className="AdsApp.Test.TestAuthsController" name="DeleteAuths_ShouldNotFound" />
    </UnitTest>
  </TestDefinitions>
  <TestEntries>
    <TestEntry testId="2e8a0704-fa9b-d9de-3cdc-c1ccf5f7ac54" executionId="65d7a854-bb85-4d5e-a2c9-3be395631243" testListId="8c84fa94-04c1-424b-9868-57a2d4851a1d" />
    <TestEntry testId="a75edaa1-3902-3b50-c3c8-99ed332d41ac" executionId="e338ccef-2439-4ad9-b853-9a30bb08b6f0" testListId="8c84fa94-04c1-424b-9868-57a2d4851a1d" />
    <TestEntry testId="7397f6b3-19e7-e82f-0eeb-57f2b2ab0084" executionId="4737a039-82ed-4601-a53d-391aa435d010" testListId="8c84fa94-04c1-424b-9868-57a2d4851a1d" />
    <TestEntry testId="64e70e7b-e5b4-bc86-aaca-ce1cc21d3eb9" executionId="9ccd7770-b894-48cc-b590-9490161ffd9a" testListId="8c84fa94-04c1-424b-9868-57a2d4851a1d" />
    <TestEntry testId="cc49bef4-3241-7592-99e7-b67f160e7067" executionId="f6ebe18c-ffb7-4b2e-a9a9-adc4e26c2375" testListId="8c84fa94-04c1-424b-9868-57a2d4851a1d" />
    <TestEntry testId="ba07bbce-aa1c-2fb9-f837-be2dc84acb32" executionId="88ee96c8-11bb-4f62-a1eb-db176ef0baf6" testListId="8c84fa94-04c1-424b-9868-57a2d4851a1d" />
    <TestEntry testId="67815242-94ed-efab-e658-8cd767478765" executionId="f07bb56e-4382-489f-af4b-84b1eb9c9bae" testListId="8c84fa94-04c1-424b-9868-57a2d4851a1d" />
    <TestEntry testId="7794087a-3068-12db-776e-a2ab66984257" executionId="ea7167b5-b768-4dce-881b-1dc88b9c7972" testListId="8c84fa94-04c1-424b-9868-57a2d4851a1d" />
    <TestEntry testId="a722a231-acd7-d1dd-ab27-53718695e1d0" executionId="6a515f2f-d9da-4442-a5cf-53f9df66effc" testListId="8c84fa94-04c1-424b-9868-57a2d4851a1d" />
    <TestEntry testId="3c818b01-4acc-b659-2a56-5abb108ff939" executionId="9e63f080-65fa-4607-bd52-bf3e57ffb341" testListId="8c84fa94-04c1-424b-9868-57a2d4851a1d" />
    <TestEntry testId="edb31493-5f23-ac75-a8cf-18873fca2b3c" executionId="af898c7b-ee36-4e6b-967c-97a7c2fb6738" testListId="8c84fa94-04c1-424b-9868-57a2d4851a1d" />
    <TestEntry testId="f27b8258-fc52-94e1-bbd1-0b587dac64ac" executionId="71cf51b7-e36f-4506-b1bc-1bfaea20dfa3" testListId="8c84fa94-04c1-424b-9868-57a2d4851a1d" />
    <TestEntry testId="65cd639c-8d81-46af-f1b1-f9f49a9cf5ca" executionId="6deb69f7-3124-47e3-adb9-4087a6efab8e" testListId="8c84fa94-04c1-424b-9868-57a2d4851a1d" />
    <TestEntry testId="2eb557b6-c2d2-291c-f185-76ea8a8dc2d1" executionId="6813ab43-efb3-493f-b057-04ada45ca31f" testListId="8c84fa94-04c1-424b-9868-57a2d4851a1d" />
    <TestEntry testId="e3663904-abd3-69bb-be42-950277ecab3b" executionId="d29ddd68-e2a4-4966-bb52-d4c10181a848" testListId="8c84fa94-04c1-424b-9868-57a2d4851a1d" />
    <TestEntry testId="7d551046-1ca2-9c77-adfe-6f3a9497c675" executionId="d3589227-c623-4448-a4c2-6ae8e028aa56" testListId="8c84fa94-04c1-424b-9868-57a2d4851a1d" />
    <TestEntry testId="39caf363-ec9a-ee24-aad6-62212782845a" executionId="3b89b7d3-754d-4052-96d8-c1d538224016" testListId="8c84fa94-04c1-424b-9868-57a2d4851a1d" />
    <TestEntry testId="cfdd1063-d828-b851-29d0-9d0ebef7631d" executionId="0115aab2-b67b-41c4-b7b3-3f1e599e4f70" testListId="8c84fa94-04c1-424b-9868-57a2d4851a1d" />
    <TestEntry testId="18330eee-9409-b83d-c2fa-895e6c352920" executionId="d0c76731-d291-4b17-8dde-1b71ff66d7d0" testListId="8c84fa94-04c1-424b-9868-57a2d4851a1d" />
    <TestEntry testId="f96b525a-8ae1-28eb-2ef4-501275dcf31c" executionId="5c55e2f0-69bf-47d1-83a7-7a8a8a522b00" testListId="8c84fa94-04c1-424b-9868-57a2d4851a1d" />
    <TestEntry testId="d0c8c421-a10b-7ffb-4f92-38b6e875c470" executionId="32f76e9e-fd4e-497d-947f-a1c0b384016a" testListId="8c84fa94-04c1-424b-9868-57a2d4851a1d" />
    <TestEntry testId="3e288352-db03-7c8d-1802-be04ec3aa18c" executionId="904960c1-6c96-4633-918e-1d9560a01925" testListId="8c84fa94-04c1-424b-9868-57a2d4851a1d" />
  </TestEntries>
  <TestLists>
    <TestList name="Results Not in a List" id="8c84fa94-04c1-424b-9868-57a2d4851a1d" />
    <TestList name="All Loaded Results" id="19431567-8539-422a-85d7-44ee4e166bda" />
  </TestLists>
  <ResultSummary outcome="Completed">
    <Counters total="22" executed="22" passed="22" failed="0" error="0" timeout="0" aborted="0" inconclusive="0" passedButRunAborted="0" notRunnable="0" notExecuted="0" disconnected="0" warning="0" completed="0" inProgress="0" pending="0" />
  </ResultSummary>
</TestRun>