<?xml version="1.0" encoding="UTF-8"?>
<TestRun id="99b5eaf6-1a05-4ca4-99fa-9da5ff288d8e" name="Nineleaps-HR@LAPTOP-C08IJ7DH 2017-07-04 11:58:43" runUser="LAPTOP-C08IJ7DH\Nineleaps-HR" xmlns="http://microsoft.com/schemas/VisualStudio/TeamTest/2010">
  <Times creation="2017-07-04T11:58:43.0361759+05:30" queuing="2017-07-04T11:58:43.0361759+05:30" start="2017-07-04T11:58:34.0246596+05:30" finish="2017-07-04T11:58:43.6096152+05:30" />
  <TestSettings name="default" id="e56a6bc3-b955-4b04-800e-64ccd62bce88">
    <Execution>
      <TestTypeSpecific />
    </Execution>
    <Deployment runDeploymentRoot="Nineleaps-HR_LAPTOP-C08IJ7DH 2017-07-04 11_58_43" />
    <Properties />
  </TestSettings>
  <Results>
    <UnitTestResult executionId="813ac297-acb4-4505-b229-ddf4de9348a4" testId="8115b1bf-8237-c3c6-5931-c8d9a3851955" testName="GetAds_ShouldReturnAllAds" computerName="LAPTOP-C08IJ7DH" duration="00:00:03.0687683" startTime="2017-07-04T11:58:38.0363644+05:30" endTime="2017-07-04T11:58:42.4408852+05:30" testType="13cdc9d9-ddb5-4fa4-a97d-d965ccfc6d4b" outcome="Passed" testListId="8c84fa94-04c1-424b-9868-57a2d4851a1d" relativeResultsDirectory="813ac297-acb4-4505-b229-ddf4de9348a4" />
    <UnitTestResult executionId="738ab390-3982-4eb8-946f-212e8c4ad917" testId="e9c0c653-0841-ad6a-ec07-c6e5f5bffac7" testName="GetAd_ShouldReturnAdsByIdAsync" computerName="LAPTOP-C08IJ7DH" duration="00:00:00.5451015" startTime="2017-07-04T11:58:42.4588985+05:30" endTime="2017-07-04T11:58:43.0051543+05:30" testType="13cdc9d9-ddb5-4fa4-a97d-d965ccfc6d4b" outcome="Passed" testListId="8c84fa94-04c1-424b-9868-57a2d4851a1d" relativeResultsDirectory="738ab390-3982-4eb8-946f-212e8c4ad917" />
    <UnitTestResult executionId="c6a7cdd7-4d79-42d7-9d15-c047bd69c13d" testId="700c503c-d200-f04e-1150-32343d37524f" testName="GetAd_ShouldReturnNotFound" computerName="LAPTOP-C08IJ7DH" duration="00:00:00.0175710" startTime="2017-07-04T11:58:43.0051543+05:30" endTime="2017-07-04T11:58:43.0231699+05:30" testType="13cdc9d9-ddb5-4fa4-a97d-d965ccfc6d4b" outcome="Passed" testListId="8c84fa94-04c1-424b-9868-57a2d4851a1d" relativeResultsDirectory="c6a7cdd7-4d79-42d7-9d15-c047bd69c13d" />
    <UnitTestResult executionId="ad883832-bd0f-4bf8-8fce-69d721784335" testId="a2ff71e4-7b12-e21c-b579-e70cd07f9114" testName="PutAd_ShouldReturnInvalidModelState" computerName="LAPTOP-C08IJ7DH" duration="00:00:00.0181168" startTime="2017-07-04T11:58:43.0251690+05:30" endTime="2017-07-04T11:58:43.0431809+05:30" testType="13cdc9d9-ddb5-4fa4-a97d-d965ccfc6d4b" outcome="Passed" testListId="8c84fa94-04c1-424b-9868-57a2d4851a1d" relativeResultsDirectory="ad883832-bd0f-4bf8-8fce-69d721784335" />
    <UnitTestResult executionId="fb4c0569-57d3-4cd6-90aa-8ae78fffa88a" testId="75a61a3c-dbdc-3bf8-91ef-e4aa7045e482" testName="PutAd_ShouldReturnBadRequest" computerName="LAPTOP-C08IJ7DH" duration="00:00:00.0128632" startTime="2017-07-04T11:58:43.0431809+05:30" endTime="2017-07-04T11:58:43.0571914+05:30" testType="13cdc9d9-ddb5-4fa4-a97d-d965ccfc6d4b" outcome="Passed" testListId="8c84fa94-04c1-424b-9868-57a2d4851a1d" relativeResultsDirectory="fb4c0569-57d3-4cd6-90aa-8ae78fffa88a" />
    <UnitTestResult executionId="9b23f182-b073-4fdd-858c-03cad38c4134" testId="54a4d5ff-d8c0-3133-aebb-c9cad2c8adf6" testName="PutAd_ShouldReturnStatusCode" computerName="LAPTOP-C08IJ7DH" duration="00:00:00.0299248" startTime="2017-07-04T11:58:43.0571914+05:30" endTime="2017-07-04T11:58:43.0872193+05:30" testType="13cdc9d9-ddb5-4fa4-a97d-d965ccfc6d4b" outcome="Passed" testListId="8c84fa94-04c1-424b-9868-57a2d4851a1d" relativeResultsDirectory="9b23f182-b073-4fdd-858c-03cad38c4134" />
    <UnitTestResult executionId="c036199b-4fcf-4c39-a17a-52852adac182" testId="c14877e2-6c1f-df41-b527-73ca0964d24f" testName="PutAd_ShouldRaiseException" computerName="LAPTOP-C08IJ7DH" duration="00:00:00.0757322" startTime="2017-07-04T11:58:43.0877203+05:30" endTime="2017-07-04T11:58:43.1636821+05:30" testType="13cdc9d9-ddb5-4fa4-a97d-d965ccfc6d4b" outcome="Passed" testListId="8c84fa94-04c1-424b-9868-57a2d4851a1d" relativeResultsDirectory="c036199b-4fcf-4c39-a17a-52852adac182" />
    <UnitTestResult executionId="de9015c1-ddaa-4ce1-8056-659ef0f3635d" testId="15c0f7ce-b677-cc0b-3ac5-5aabe07948ee" testName="PostAd_ShouldPostAd" computerName="LAPTOP-C08IJ7DH" duration="00:00:00.0202041" startTime="2017-07-04T11:58:43.1636821+05:30" endTime="2017-07-04T11:58:43.1848226+05:30" testType="13cdc9d9-ddb5-4fa4-a97d-d965ccfc6d4b" outcome="Passed" testListId="8c84fa94-04c1-424b-9868-57a2d4851a1d" relativeResultsDirectory="de9015c1-ddaa-4ce1-8056-659ef0f3635d" />
    <UnitTestResult executionId="1be9cb58-8f2e-4261-9265-4b41df86d301" testId="8855a283-fc77-c132-2bed-be37447501ae" testName="PostAd_ShouldReturnInvalidModelState" computerName="LAPTOP-C08IJ7DH" duration="00:00:00.0076586" startTime="2017-07-04T11:58:43.1848226+05:30" endTime="2017-07-04T11:58:43.1928264+05:30" testType="13cdc9d9-ddb5-4fa4-a97d-d965ccfc6d4b" outcome="Passed" testListId="8c84fa94-04c1-424b-9868-57a2d4851a1d" relativeResultsDirectory="1be9cb58-8f2e-4261-9265-4b41df86d301" />
    <UnitTestResult executionId="c1efcac6-deac-431d-91e7-654cdbb2764d" testId="b4e84474-fc20-1726-c7f6-20904f0be419" testName="DeleteAd_ShouldDeleteAdsByIdAsync" computerName="LAPTOP-C08IJ7DH" duration="00:00:00.0112732" startTime="2017-07-04T11:58:43.1928264+05:30" endTime="2017-07-04T11:58:43.1928264+05:30" testType="13cdc9d9-ddb5-4fa4-a97d-d965ccfc6d4b" outcome="Passed" testListId="8c84fa94-04c1-424b-9868-57a2d4851a1d" relativeResultsDirectory="c1efcac6-deac-431d-91e7-654cdbb2764d" />
    <UnitTestResult executionId="d2e4ed04-9f2a-4740-9af4-abf6f24a678a" testId="c260eec7-6fec-8f6e-00f3-657245cf817f" testName="DeleteAd_ShouldNotFound" computerName="LAPTOP-C08IJ7DH" duration="00:00:00.0156694" startTime="2017-07-04T11:58:43.1928264+05:30" endTime="2017-07-04T11:58:43.2084590+05:30" testType="13cdc9d9-ddb5-4fa4-a97d-d965ccfc6d4b" outcome="Passed" testListId="8c84fa94-04c1-424b-9868-57a2d4851a1d" relativeResultsDirectory="d2e4ed04-9f2a-4740-9af4-abf6f24a678a" />
    <UnitTestResult executionId="fc3d2c00-8b6f-4c45-ac24-0167fcc15d53" testId="2e8a0704-fa9b-d9de-3cdc-c1ccf5f7ac54" testName="GetStats_ShouldReturnAllStats" computerName="LAPTOP-C08IJ7DH" duration="00:00:00.0537380" startTime="2017-07-04T11:58:43.2084590+05:30" endTime="2017-07-04T11:58:43.2709562+05:30" testType="13cdc9d9-ddb5-4fa4-a97d-d965ccfc6d4b" outcome="Passed" testListId="8c84fa94-04c1-424b-9868-57a2d4851a1d" relativeResultsDirectory="fc3d2c00-8b6f-4c45-ac24-0167fcc15d53" />
    <UnitTestResult executionId="304108e3-f7c2-4dd0-9366-e1e3f81581b1" testId="a75edaa1-3902-3b50-c3c8-99ed332d41ac" testName="GetStats_ShouldReturnStatsByIdAsync" computerName="LAPTOP-C08IJ7DH" duration="00:00:00.0118228" startTime="2017-07-04T11:58:43.2709562+05:30" endTime="2017-07-04T11:58:43.2881027+05:30" testType="13cdc9d9-ddb5-4fa4-a97d-d965ccfc6d4b" outcome="Passed" testListId="8c84fa94-04c1-424b-9868-57a2d4851a1d" relativeResultsDirectory="304108e3-f7c2-4dd0-9366-e1e3f81581b1" />
    <UnitTestResult executionId="1d69fb6e-0e80-403c-b4a6-f1d763920649" testId="7397f6b3-19e7-e82f-0eeb-57f2b2ab0084" testName="GetStats_ShouldReturnNotFound" computerName="LAPTOP-C08IJ7DH" duration="00:00:00.0096716" startTime="2017-07-04T11:58:43.2881027+05:30" endTime="2017-07-04T11:58:43.2931114+05:30" testType="13cdc9d9-ddb5-4fa4-a97d-d965ccfc6d4b" outcome="Passed" testListId="8c84fa94-04c1-424b-9868-57a2d4851a1d" relativeResultsDirectory="1d69fb6e-0e80-403c-b4a6-f1d763920649" />
    <UnitTestResult executionId="b1ecae95-7a85-4783-8b87-c90c1f402e5d" testId="64e70e7b-e5b4-bc86-aaca-ce1cc21d3eb9" testName="PutStats_ShouldReturnInvalidModelState" computerName="LAPTOP-C08IJ7DH" duration="00:00:00.0085403" startTime="2017-07-04T11:58:43.2931114+05:30" endTime="2017-07-04T11:58:43.2931114+05:30" testType="13cdc9d9-ddb5-4fa4-a97d-d965ccfc6d4b" outcome="Passed" testListId="8c84fa94-04c1-424b-9868-57a2d4851a1d" relativeResultsDirectory="b1ecae95-7a85-4783-8b87-c90c1f402e5d" />
    <UnitTestResult executionId="d8b9ace9-2f38-45eb-ab11-77546bb34acc" testId="cc49bef4-3241-7592-99e7-b67f160e7067" testName="PutStats_ShouldReturnBadRequest" computerName="LAPTOP-C08IJ7DH" duration="00:00:00.0076119" startTime="2017-07-04T11:58:43.2931114+05:30" endTime="2017-07-04T11:58:43.3087374+05:30" testType="13cdc9d9-ddb5-4fa4-a97d-d965ccfc6d4b" outcome="Passed" testListId="8c84fa94-04c1-424b-9868-57a2d4851a1d" relativeResultsDirectory="d8b9ace9-2f38-45eb-ab11-77546bb34acc" />
    <UnitTestResult executionId="1229193e-57b4-49e7-a310-51ea274fd984" testId="ba07bbce-aa1c-2fb9-f837-be2dc84acb32" testName="PutStats_ShouldReturnStatusCode" computerName="LAPTOP-C08IJ7DH" duration="00:00:00.0084605" startTime="2017-07-04T11:58:43.3087374+05:30" endTime="2017-07-04T11:58:43.3087374+05:30" testType="13cdc9d9-ddb5-4fa4-a97d-d965ccfc6d4b" outcome="Passed" testListId="8c84fa94-04c1-424b-9868-57a2d4851a1d" relativeResultsDirectory="1229193e-57b4-49e7-a310-51ea274fd984" />
    <UnitTestResult executionId="51359680-cb94-4725-bac8-7eb2916a0180" testId="67815242-94ed-efab-e658-8cd767478765" testName="PutAuth_ShouldRaiseException" computerName="LAPTOP-C08IJ7DH" duration="00:00:00.0112910" startTime="2017-07-04T11:58:43.3243845+05:30" endTime="2017-07-04T11:58:43.3243845+05:30" testType="13cdc9d9-ddb5-4fa4-a97d-d965ccfc6d4b" outcome="Passed" testListId="8c84fa94-04c1-424b-9868-57a2d4851a1d" relativeResultsDirectory="51359680-cb94-4725-bac8-7eb2916a0180" />
    <UnitTestResult executionId="b2430a8f-92d9-4ab8-b69e-d08d46fcedec" testId="7794087a-3068-12db-776e-a2ab66984257" testName="PostStats_ShouldPostStats" computerName="LAPTOP-C08IJ7DH" duration="00:00:00.0095466" startTime="2017-07-04T11:58:43.3243845+05:30" endTime="2017-07-04T11:58:43.3400082+05:30" testType="13cdc9d9-ddb5-4fa4-a97d-d965ccfc6d4b" outcome="Passed" testListId="8c84fa94-04c1-424b-9868-57a2d4851a1d" relativeResultsDirectory="b2430a8f-92d9-4ab8-b69e-d08d46fcedec" />
    <UnitTestResult executionId="1d0dcc74-73bc-41b8-98f2-23066401f256" testId="a722a231-acd7-d1dd-ab27-53718695e1d0" testName="PostStats_ShouldReturnInvalidModelState" computerName="LAPTOP-C08IJ7DH" duration="00:00:00.0110335" startTime="2017-07-04T11:58:43.3400082+05:30" endTime="2017-07-04T11:58:43.3556333+05:30" testType="13cdc9d9-ddb5-4fa4-a97d-d965ccfc6d4b" outcome="Passed" testListId="8c84fa94-04c1-424b-9868-57a2d4851a1d" relativeResultsDirectory="1d0dcc74-73bc-41b8-98f2-23066401f256" />
    <UnitTestResult executionId="fa81f562-0766-46d5-b356-cfb5cbfd5645" testId="3c818b01-4acc-b659-2a56-5abb108ff939" testName="DeleteStats_ShouldDeleteStatsByIdAsync" computerName="LAPTOP-C08IJ7DH" duration="00:00:00.0126775" startTime="2017-07-04T11:58:43.3556333+05:30" endTime="2017-07-04T11:58:43.3556333+05:30" testType="13cdc9d9-ddb5-4fa4-a97d-d965ccfc6d4b" outcome="Passed" testListId="8c84fa94-04c1-424b-9868-57a2d4851a1d" relativeResultsDirectory="fa81f562-0766-46d5-b356-cfb5cbfd5645" />
    <UnitTestResult executionId="ec95a7cb-9e64-4065-bd58-339660098edc" testId="edb31493-5f23-ac75-a8cf-18873fca2b3c" testName="DeleteStats_ShouldNotFound" computerName="LAPTOP-C08IJ7DH" duration="00:00:00.0091193" startTime="2017-07-04T11:58:43.3556333+05:30" endTime="2017-07-04T11:58:43.3712575+05:30" testType="13cdc9d9-ddb5-4fa4-a97d-d965ccfc6d4b" outcome="Passed" testListId="8c84fa94-04c1-424b-9868-57a2d4851a1d" relativeResultsDirectory="ec95a7cb-9e64-4065-bd58-339660098edc" />
    <UnitTestResult executionId="d9bf671b-2cef-4f57-a33d-40b6817beb65" testId="f27b8258-fc52-94e1-bbd1-0b587dac64ac" testName="GetAuths_ShouldReturnAllAuths" computerName="LAPTOP-C08IJ7DH" duration="00:00:00.0502493" startTime="2017-07-04T11:58:43.3712575+05:30" endTime="2017-07-04T11:58:43.4246625+05:30" testType="13cdc9d9-ddb5-4fa4-a97d-d965ccfc6d4b" outcome="Passed" testListId="8c84fa94-04c1-424b-9868-57a2d4851a1d" relativeResultsDirectory="d9bf671b-2cef-4f57-a33d-40b6817beb65" />
    <UnitTestResult executionId="9af24db3-7ece-4a00-9096-fa43842efe7d" testId="65cd639c-8d81-46af-f1b1-f9f49a9cf5ca" testName="GetAuths_ShouldReturnAuthsByIdAsync" computerName="LAPTOP-C08IJ7DH" duration="00:00:00.0116721" startTime="2017-07-04T11:58:43.4246625+05:30" endTime="2017-07-04T11:58:43.4403072+05:30" testType="13cdc9d9-ddb5-4fa4-a97d-d965ccfc6d4b" outcome="Passed" testListId="8c84fa94-04c1-424b-9868-57a2d4851a1d" relativeResultsDirectory="9af24db3-7ece-4a00-9096-fa43842efe7d" />
    <UnitTestResult executionId="39a29391-e8ee-4d79-b304-78c18c473e9b" testId="2eb557b6-c2d2-291c-f185-76ea8a8dc2d1" testName="GetAuths_ShouldReturnNotFound" computerName="LAPTOP-C08IJ7DH" duration="00:00:00.0083201" startTime="2017-07-04T11:58:43.4403072+05:30" endTime="2017-07-04T11:58:43.4403072+05:30" testType="13cdc9d9-ddb5-4fa4-a97d-d965ccfc6d4b" outcome="Passed" testListId="8c84fa94-04c1-424b-9868-57a2d4851a1d" relativeResultsDirectory="39a29391-e8ee-4d79-b304-78c18c473e9b" />
    <UnitTestResult executionId="91bbd56b-f111-4250-8ff1-d584669c18cd" testId="e3663904-abd3-69bb-be42-950277ecab3b" testName="PutAuths_ShouldReturnInvalidModelState" computerName="LAPTOP-C08IJ7DH" duration="00:00:00.0081680" startTime="2017-07-04T11:58:43.4403072+05:30" endTime="2017-07-04T11:58:43.4559132+05:30" testType="13cdc9d9-ddb5-4fa4-a97d-d965ccfc6d4b" outcome="Passed" testListId="8c84fa94-04c1-424b-9868-57a2d4851a1d" relativeResultsDirectory="91bbd56b-f111-4250-8ff1-d584669c18cd" />
    <UnitTestResult executionId="6ee11cd8-ab97-4bea-bb7b-0ed3e8096b2f" testId="7d551046-1ca2-9c77-adfe-6f3a9497c675" testName="PutAuths_ShouldReturnBadRequest" computerName="LAPTOP-C08IJ7DH" duration="00:00:00.0070362" startTime="2017-07-04T11:58:43.4559132+05:30" endTime="2017-07-04T11:58:43.4559132+05:30" testType="13cdc9d9-ddb5-4fa4-a97d-d965ccfc6d4b" outcome="Passed" testListId="8c84fa94-04c1-424b-9868-57a2d4851a1d" relativeResultsDirectory="6ee11cd8-ab97-4bea-bb7b-0ed3e8096b2f" />
    <UnitTestResult executionId="06d3f55b-d458-484e-9fb1-3cd16452d9bc" testId="39caf363-ec9a-ee24-aad6-62212782845a" testName="PutAuths_ShouldReturnStatusCode" computerName="LAPTOP-C08IJ7DH" duration="00:00:00.0125464" startTime="2017-07-04T11:58:43.4559132+05:30" endTime="2017-07-04T11:58:43.4931905+05:30" testType="13cdc9d9-ddb5-4fa4-a97d-d965ccfc6d4b" outcome="Passed" testListId="8c84fa94-04c1-424b-9868-57a2d4851a1d" relativeResultsDirectory="06d3f55b-d458-484e-9fb1-3cd16452d9bc" />
    <UnitTestResult executionId="ca102fdf-54e1-4df8-912c-1d003f24c3e7" testId="cfdd1063-d828-b851-29d0-9d0ebef7631d" testName="PutAuth_ShouldRaiseException" computerName="LAPTOP-C08IJ7DH" duration="00:00:00.0140225" startTime="2017-07-04T11:58:43.4931905+05:30" endTime="2017-07-04T11:58:43.5088488+05:30" testType="13cdc9d9-ddb5-4fa4-a97d-d965ccfc6d4b" outcome="Passed" testListId="8c84fa94-04c1-424b-9868-57a2d4851a1d" relativeResultsDirectory="ca102fdf-54e1-4df8-912c-1d003f24c3e7" />
    <UnitTestResult executionId="916e2f25-05f8-41d5-935c-6b1cfbd717c2" testId="18330eee-9409-b83d-c2fa-895e6c352920" testName="PostAuths_ShouldPostAuths" computerName="LAPTOP-C08IJ7DH" duration="00:00:00.0107129" startTime="2017-07-04T11:58:43.5088488+05:30" endTime="2017-07-04T11:58:43.5088488+05:30" testType="13cdc9d9-ddb5-4fa4-a97d-d965ccfc6d4b" outcome="Passed" testListId="8c84fa94-04c1-424b-9868-57a2d4851a1d" relativeResultsDirectory="916e2f25-05f8-41d5-935c-6b1cfbd717c2" />
    <UnitTestResult executionId="9b8975eb-3618-471a-8c0e-ff098cfdbbdf" testId="f96b525a-8ae1-28eb-2ef4-501275dcf31c" testName="PostAuths_ShouldReturnInvalidModelState" computerName="LAPTOP-C08IJ7DH" duration="00:00:00.0075163" startTime="2017-07-04T11:58:43.5088488+05:30" endTime="2017-07-04T11:58:43.5244767+05:30" testType="13cdc9d9-ddb5-4fa4-a97d-d965ccfc6d4b" outcome="Passed" testListId="8c84fa94-04c1-424b-9868-57a2d4851a1d" relativeResultsDirectory="9b8975eb-3618-471a-8c0e-ff098cfdbbdf" />
    <UnitTestResult executionId="0b7082d9-8b40-4a9e-918c-4beb6eb2ae48" testId="d0c8c421-a10b-7ffb-4f92-38b6e875c470" testName="DeleteAuths_ShouldDeleteAuthsByIdAsync" computerName="LAPTOP-C08IJ7DH" duration="00:00:00.0120435" startTime="2017-07-04T11:58:43.5244767+05:30" endTime="2017-07-04T11:58:43.5400990+05:30" testType="13cdc9d9-ddb5-4fa4-a97d-d965ccfc6d4b" outcome="Passed" testListId="8c84fa94-04c1-424b-9868-57a2d4851a1d" relativeResultsDirectory="0b7082d9-8b40-4a9e-918c-4beb6eb2ae48" />
    <UnitTestResult executionId="dca535dd-223d-4f4e-b7e2-576d07934500" testId="3e288352-db03-7c8d-1802-be04ec3aa18c" testName="DeleteAuths_ShouldNotFound" computerName="LAPTOP-C08IJ7DH" duration="00:00:00.0091874" startTime="2017-07-04T11:58:43.5400990+05:30" endTime="2017-07-04T11:58:43.5400990+05:30" testType="13cdc9d9-ddb5-4fa4-a97d-d965ccfc6d4b" outcome="Passed" testListId="8c84fa94-04c1-424b-9868-57a2d4851a1d" relativeResultsDirectory="dca535dd-223d-4f4e-b7e2-576d07934500" />
  </Results>
  <TestDefinitions>
    <UnitTest name="GetAds_ShouldReturnAllAds" storage="d:\workspace\ads\adsapp.test\bin\debug\adsapp.test.dll" id="8115b1bf-8237-c3c6-5931-c8d9a3851955">
      <Execution id="813ac297-acb4-4505-b229-ddf4de9348a4" />
      <TestMethod codeBase="D:\Workspace\Ads\AdsApp.Test\bin\Debug\AdsApp.Test.dll" adapterTypeName="Microsoft.VisualStudio.TestTools.TestTypes.Unit.UnitTestAdapter" className="AdsApp.Test.TestAdController" name="GetAds_ShouldReturnAllAds" />
    </UnitTest>
    <UnitTest name="GetAd_ShouldReturnAdsByIdAsync" storage="d:\workspace\ads\adsapp.test\bin\debug\adsapp.test.dll" id="e9c0c653-0841-ad6a-ec07-c6e5f5bffac7">
      <Execution id="738ab390-3982-4eb8-946f-212e8c4ad917" />
      <TestMethod codeBase="D:\Workspace\Ads\AdsApp.Test\bin\Debug\AdsApp.Test.dll" adapterTypeName="Microsoft.VisualStudio.TestTools.TestTypes.Unit.UnitTestAdapter" className="AdsApp.Test.TestAdController" name="GetAd_ShouldReturnAdsByIdAsync" />
    </UnitTest>
    <UnitTest name="GetAd_ShouldReturnNotFound" storage="d:\workspace\ads\adsapp.test\bin\debug\adsapp.test.dll" id="700c503c-d200-f04e-1150-32343d37524f">
      <Execution id="c6a7cdd7-4d79-42d7-9d15-c047bd69c13d" />
      <TestMethod codeBase="D:\Workspace\Ads\AdsApp.Test\bin\Debug\AdsApp.Test.dll" adapterTypeName="Microsoft.VisualStudio.TestTools.TestTypes.Unit.UnitTestAdapter" className="AdsApp.Test.TestAdController" name="GetAd_ShouldReturnNotFound" />
    </UnitTest>
    <UnitTest name="PutAd_ShouldReturnInvalidModelState" storage="d:\workspace\ads\adsapp.test\bin\debug\adsapp.test.dll" id="a2ff71e4-7b12-e21c-b579-e70cd07f9114">
      <Execution id="ad883832-bd0f-4bf8-8fce-69d721784335" />
      <TestMethod codeBase="D:\Workspace\Ads\AdsApp.Test\bin\Debug\AdsApp.Test.dll" adapterTypeName="Microsoft.VisualStudio.TestTools.TestTypes.Unit.UnitTestAdapter" className="AdsApp.Test.TestAdController" name="PutAd_ShouldReturnInvalidModelState" />
    </UnitTest>
    <UnitTest name="PutAd_ShouldReturnBadRequest" storage="d:\workspace\ads\adsapp.test\bin\debug\adsapp.test.dll" id="75a61a3c-dbdc-3bf8-91ef-e4aa7045e482">
      <Execution id="fb4c0569-57d3-4cd6-90aa-8ae78fffa88a" />
      <TestMethod codeBase="D:\Workspace\Ads\AdsApp.Test\bin\Debug\AdsApp.Test.dll" adapterTypeName="Microsoft.VisualStudio.TestTools.TestTypes.Unit.UnitTestAdapter" className="AdsApp.Test.TestAdController" name="PutAd_ShouldReturnBadRequest" />
    </UnitTest>
    <UnitTest name="PutAd_ShouldReturnStatusCode" storage="d:\workspace\ads\adsapp.test\bin\debug\adsapp.test.dll" id="54a4d5ff-d8c0-3133-aebb-c9cad2c8adf6">
      <Execution id="9b23f182-b073-4fdd-858c-03cad38c4134" />
      <TestMethod codeBase="D:\Workspace\Ads\AdsApp.Test\bin\Debug\AdsApp.Test.dll" adapterTypeName="Microsoft.VisualStudio.TestTools.TestTypes.Unit.UnitTestAdapter" className="AdsApp.Test.TestAdController" name="PutAd_ShouldReturnStatusCode" />
    </UnitTest>
    <UnitTest name="PutAd_ShouldRaiseException" storage="d:\workspace\ads\adsapp.test\bin\debug\adsapp.test.dll" id="c14877e2-6c1f-df41-b527-73ca0964d24f">
      <Execution id="c036199b-4fcf-4c39-a17a-52852adac182" />
      <TestMethod codeBase="D:\Workspace\Ads\AdsApp.Test\bin\Debug\AdsApp.Test.dll" adapterTypeName="Microsoft.VisualStudio.TestTools.TestTypes.Unit.UnitTestAdapter" className="AdsApp.Test.TestAdController" name="PutAd_ShouldRaiseException" />
    </UnitTest>
    <UnitTest name="PostAd_ShouldPostAd" storage="d:\workspace\ads\adsapp.test\bin\debug\adsapp.test.dll" id="15c0f7ce-b677-cc0b-3ac5-5aabe07948ee">
      <Execution id="de9015c1-ddaa-4ce1-8056-659ef0f3635d" />
      <TestMethod codeBase="D:\Workspace\Ads\AdsApp.Test\bin\Debug\AdsApp.Test.dll" adapterTypeName="Microsoft.VisualStudio.TestTools.TestTypes.Unit.UnitTestAdapter" className="AdsApp.Test.TestAdController" name="PostAd_ShouldPostAd" />
    </UnitTest>
    <UnitTest name="PostAd_ShouldReturnInvalidModelState" storage="d:\workspace\ads\adsapp.test\bin\debug\adsapp.test.dll" id="8855a283-fc77-c132-2bed-be37447501ae">
      <Execution id="1be9cb58-8f2e-4261-9265-4b41df86d301" />
      <TestMethod codeBase="D:\Workspace\Ads\AdsApp.Test\bin\Debug\AdsApp.Test.dll" adapterTypeName="Microsoft.VisualStudio.TestTools.TestTypes.Unit.UnitTestAdapter" className="AdsApp.Test.TestAdController" name="PostAd_ShouldReturnInvalidModelState" />
    </UnitTest>
    <UnitTest name="DeleteAd_ShouldDeleteAdsByIdAsync" storage="d:\workspace\ads\adsapp.test\bin\debug\adsapp.test.dll" id="b4e84474-fc20-1726-c7f6-20904f0be419">
      <Execution id="c1efcac6-deac-431d-91e7-654cdbb2764d" />
      <TestMethod codeBase="D:\Workspace\Ads\AdsApp.Test\bin\Debug\AdsApp.Test.dll" adapterTypeName="Microsoft.VisualStudio.TestTools.TestTypes.Unit.UnitTestAdapter" className="AdsApp.Test.TestAdController" name="DeleteAd_ShouldDeleteAdsByIdAsync" />
    </UnitTest>
    <UnitTest name="DeleteAd_ShouldNotFound" storage="d:\workspace\ads\adsapp.test\bin\debug\adsapp.test.dll" id="c260eec7-6fec-8f6e-00f3-657245cf817f">
      <Execution id="d2e4ed04-9f2a-4740-9af4-abf6f24a678a" />
      <TestMethod codeBase="D:\Workspace\Ads\AdsApp.Test\bin\Debug\AdsApp.Test.dll" adapterTypeName="Microsoft.VisualStudio.TestTools.TestTypes.Unit.UnitTestAdapter" className="AdsApp.Test.TestAdController" name="DeleteAd_ShouldNotFound" />
    </UnitTest>
    <UnitTest name="GetStats_ShouldReturnAllStats" storage="d:\workspace\ads\adsapp.test\bin\debug\adsapp.test.dll" id="2e8a0704-fa9b-d9de-3cdc-c1ccf5f7ac54">
      <Execution id="fc3d2c00-8b6f-4c45-ac24-0167fcc15d53" />
      <TestMethod codeBase="D:\Workspace\Ads\AdsApp.Test\bin\Debug\AdsApp.Test.dll" adapterTypeName="Microsoft.VisualStudio.TestTools.TestTypes.Unit.UnitTestAdapter" className="AdsApp.Test.TestStatsController" name="GetStats_ShouldReturnAllStats" />
    </UnitTest>
    <UnitTest name="GetStats_ShouldReturnStatsByIdAsync" storage="d:\workspace\ads\adsapp.test\bin\debug\adsapp.test.dll" id="a75edaa1-3902-3b50-c3c8-99ed332d41ac">
      <Execution id="304108e3-f7c2-4dd0-9366-e1e3f81581b1" />
      <TestMethod codeBase="D:\Workspace\Ads\AdsApp.Test\bin\Debug\AdsApp.Test.dll" adapterTypeName="Microsoft.VisualStudio.TestTools.TestTypes.Unit.UnitTestAdapter" className="AdsApp.Test.TestStatsController" name="GetStats_ShouldReturnStatsByIdAsync" />
    </UnitTest>
    <UnitTest name="GetStats_ShouldReturnNotFound" storage="d:\workspace\ads\adsapp.test\bin\debug\adsapp.test.dll" id="7397f6b3-19e7-e82f-0eeb-57f2b2ab0084">
      <Execution id="1d69fb6e-0e80-403c-b4a6-f1d763920649" />
      <TestMethod codeBase="D:\Workspace\Ads\AdsApp.Test\bin\Debug\AdsApp.Test.dll" adapterTypeName="Microsoft.VisualStudio.TestTools.TestTypes.Unit.UnitTestAdapter" className="AdsApp.Test.TestStatsController" name="GetStats_ShouldReturnNotFound" />
    </UnitTest>
    <UnitTest name="PutStats_ShouldReturnInvalidModelState" storage="d:\workspace\ads\adsapp.test\bin\debug\adsapp.test.dll" id="64e70e7b-e5b4-bc86-aaca-ce1cc21d3eb9">
      <Execution id="b1ecae95-7a85-4783-8b87-c90c1f402e5d" />
      <TestMethod codeBase="D:\Workspace\Ads\AdsApp.Test\bin\Debug\AdsApp.Test.dll" adapterTypeName="Microsoft.VisualStudio.TestTools.TestTypes.Unit.UnitTestAdapter" className="AdsApp.Test.TestStatsController" name="PutStats_ShouldReturnInvalidModelState" />
    </UnitTest>
    <UnitTest name="PutStats_ShouldReturnBadRequest" storage="d:\workspace\ads\adsapp.test\bin\debug\adsapp.test.dll" id="cc49bef4-3241-7592-99e7-b67f160e7067">
      <Execution id="d8b9ace9-2f38-45eb-ab11-77546bb34acc" />
      <TestMethod codeBase="D:\Workspace\Ads\AdsApp.Test\bin\Debug\AdsApp.Test.dll" adapterTypeName="Microsoft.VisualStudio.TestTools.TestTypes.Unit.UnitTestAdapter" className="AdsApp.Test.TestStatsController" name="PutStats_ShouldReturnBadRequest" />
    </UnitTest>
    <UnitTest name="PutStats_ShouldReturnStatusCode" storage="d:\workspace\ads\adsapp.test\bin\debug\adsapp.test.dll" id="ba07bbce-aa1c-2fb9-f837-be2dc84acb32">
      <Execution id="1229193e-57b4-49e7-a310-51ea274fd984" />
      <TestMethod codeBase="D:\Workspace\Ads\AdsApp.Test\bin\Debug\AdsApp.Test.dll" adapterTypeName="Microsoft.VisualStudio.TestTools.TestTypes.Unit.UnitTestAdapter" className="AdsApp.Test.TestStatsController" name="PutStats_ShouldReturnStatusCode" />
    </UnitTest>
    <UnitTest name="PutAuth_ShouldRaiseException" storage="d:\workspace\ads\adsapp.test\bin\debug\adsapp.test.dll" id="67815242-94ed-efab-e658-8cd767478765">
      <Execution id="51359680-cb94-4725-bac8-7eb2916a0180" />
      <TestMethod codeBase="D:\Workspace\Ads\AdsApp.Test\bin\Debug\AdsApp.Test.dll" adapterTypeName="Microsoft.VisualStudio.TestTools.TestTypes.Unit.UnitTestAdapter" className="AdsApp.Test.TestStatsController" name="PutAuth_ShouldRaiseException" />
    </UnitTest>
    <UnitTest name="PostStats_ShouldPostStats" storage="d:\workspace\ads\adsapp.test\bin\debug\adsapp.test.dll" id="7794087a-3068-12db-776e-a2ab66984257">
      <Execution id="b2430a8f-92d9-4ab8-b69e-d08d46fcedec" />
      <TestMethod codeBase="D:\Workspace\Ads\AdsApp.Test\bin\Debug\AdsApp.Test.dll" adapterTypeName="Microsoft.VisualStudio.TestTools.TestTypes.Unit.UnitTestAdapter" className="AdsApp.Test.TestStatsController" name="PostStats_ShouldPostStats" />
    </UnitTest>
    <UnitTest name="PostStats_ShouldReturnInvalidModelState" storage="d:\workspace\ads\adsapp.test\bin\debug\adsapp.test.dll" id="a722a231-acd7-d1dd-ab27-53718695e1d0">
      <Execution id="1d0dcc74-73bc-41b8-98f2-23066401f256" />
      <TestMethod codeBase="D:\Workspace\Ads\AdsApp.Test\bin\Debug\AdsApp.Test.dll" adapterTypeName="Microsoft.VisualStudio.TestTools.TestTypes.Unit.UnitTestAdapter" className="AdsApp.Test.TestStatsController" name="PostStats_ShouldReturnInvalidModelState" />
    </UnitTest>
    <UnitTest name="DeleteStats_ShouldDeleteStatsByIdAsync" storage="d:\workspace\ads\adsapp.test\bin\debug\adsapp.test.dll" id="3c818b01-4acc-b659-2a56-5abb108ff939">
      <Execution id="fa81f562-0766-46d5-b356-cfb5cbfd5645" />
      <TestMethod codeBase="D:\Workspace\Ads\AdsApp.Test\bin\Debug\AdsApp.Test.dll" adapterTypeName="Microsoft.VisualStudio.TestTools.TestTypes.Unit.UnitTestAdapter" className="AdsApp.Test.TestStatsController" name="DeleteStats_ShouldDeleteStatsByIdAsync" />
    </UnitTest>
    <UnitTest name="DeleteStats_ShouldNotFound" storage="d:\workspace\ads\adsapp.test\bin\debug\adsapp.test.dll" id="edb31493-5f23-ac75-a8cf-18873fca2b3c">
      <Execution id="ec95a7cb-9e64-4065-bd58-339660098edc" />
      <TestMethod codeBase="D:\Workspace\Ads\AdsApp.Test\bin\Debug\AdsApp.Test.dll" adapterTypeName="Microsoft.VisualStudio.TestTools.TestTypes.Unit.UnitTestAdapter" className="AdsApp.Test.TestStatsController" name="DeleteStats_ShouldNotFound" />
    </UnitTest>
    <UnitTest name="GetAuths_ShouldReturnAllAuths" storage="d:\workspace\ads\adsapp.test\bin\debug\adsapp.test.dll" id="f27b8258-fc52-94e1-bbd1-0b587dac64ac">
      <Execution id="d9bf671b-2cef-4f57-a33d-40b6817beb65" />
      <TestMethod codeBase="D:\Workspace\Ads\AdsApp.Test\bin\Debug\AdsApp.Test.dll" adapterTypeName="Microsoft.VisualStudio.TestTools.TestTypes.Unit.UnitTestAdapter" className="AdsApp.Test.TestAuthsController" name="GetAuths_ShouldReturnAllAuths" />
    </UnitTest>
    <UnitTest name="GetAuths_ShouldReturnAuthsByIdAsync" storage="d:\workspace\ads\adsapp.test\bin\debug\adsapp.test.dll" id="65cd639c-8d81-46af-f1b1-f9f49a9cf5ca">
      <Execution id="9af24db3-7ece-4a00-9096-fa43842efe7d" />
      <TestMethod codeBase="D:\Workspace\Ads\AdsApp.Test\bin\Debug\AdsApp.Test.dll" adapterTypeName="Microsoft.VisualStudio.TestTools.TestTypes.Unit.UnitTestAdapter" className="AdsApp.Test.TestAuthsController" name="GetAuths_ShouldReturnAuthsByIdAsync" />
    </UnitTest>
    <UnitTest name="GetAuths_ShouldReturnNotFound" storage="d:\workspace\ads\adsapp.test\bin\debug\adsapp.test.dll" id="2eb557b6-c2d2-291c-f185-76ea8a8dc2d1">
      <Execution id="39a29391-e8ee-4d79-b304-78c18c473e9b" />
      <TestMethod codeBase="D:\Workspace\Ads\AdsApp.Test\bin\Debug\AdsApp.Test.dll" adapterTypeName="Microsoft.VisualStudio.TestTools.TestTypes.Unit.UnitTestAdapter" className="AdsApp.Test.TestAuthsController" name="GetAuths_ShouldReturnNotFound" />
    </UnitTest>
    <UnitTest name="PutAuths_ShouldReturnInvalidModelState" storage="d:\workspace\ads\adsapp.test\bin\debug\adsapp.test.dll" id="e3663904-abd3-69bb-be42-950277ecab3b">
      <Execution id="91bbd56b-f111-4250-8ff1-d584669c18cd" />
      <TestMethod codeBase="D:\Workspace\Ads\AdsApp.Test\bin\Debug\AdsApp.Test.dll" adapterTypeName="Microsoft.VisualStudio.TestTools.TestTypes.Unit.UnitTestAdapter" className="AdsApp.Test.TestAuthsController" name="PutAuths_ShouldReturnInvalidModelState" />
    </UnitTest>
    <UnitTest name="PutAuths_ShouldReturnBadRequest" storage="d:\workspace\ads\adsapp.test\bin\debug\adsapp.test.dll" id="7d551046-1ca2-9c77-adfe-6f3a9497c675">
      <Execution id="6ee11cd8-ab97-4bea-bb7b-0ed3e8096b2f" />
      <TestMethod codeBase="D:\Workspace\Ads\AdsApp.Test\bin\Debug\AdsApp.Test.dll" adapterTypeName="Microsoft.VisualStudio.TestTools.TestTypes.Unit.UnitTestAdapter" className="AdsApp.Test.TestAuthsController" name="PutAuths_ShouldReturnBadRequest" />
    </UnitTest>
    <UnitTest name="PutAuths_ShouldReturnStatusCode" storage="d:\workspace\ads\adsapp.test\bin\debug\adsapp.test.dll" id="39caf363-ec9a-ee24-aad6-62212782845a">
      <Execution id="06d3f55b-d458-484e-9fb1-3cd16452d9bc" />
      <TestMethod codeBase="D:\Workspace\Ads\AdsApp.Test\bin\Debug\AdsApp.Test.dll" adapterTypeName="Microsoft.VisualStudio.TestTools.TestTypes.Unit.UnitTestAdapter" className="AdsApp.Test.TestAuthsController" name="PutAuths_ShouldReturnStatusCode" />
    </UnitTest>
    <UnitTest name="PutAuth_ShouldRaiseException" storage="d:\workspace\ads\adsapp.test\bin\debug\adsapp.test.dll" id="cfdd1063-d828-b851-29d0-9d0ebef7631d">
      <Execution id="ca102fdf-54e1-4df8-912c-1d003f24c3e7" />
      <TestMethod codeBase="D:\Workspace\Ads\AdsApp.Test\bin\Debug\AdsApp.Test.dll" adapterTypeName="Microsoft.VisualStudio.TestTools.TestTypes.Unit.UnitTestAdapter" className="AdsApp.Test.TestAuthsController" name="PutAuth_ShouldRaiseException" />
    </UnitTest>
    <UnitTest name="PostAuths_ShouldPostAuths" storage="d:\workspace\ads\adsapp.test\bin\debug\adsapp.test.dll" id="18330eee-9409-b83d-c2fa-895e6c352920">
      <Execution id="916e2f25-05f8-41d5-935c-6b1cfbd717c2" />
      <TestMethod codeBase="D:\Workspace\Ads\AdsApp.Test\bin\Debug\AdsApp.Test.dll" adapterTypeName="Microsoft.VisualStudio.TestTools.TestTypes.Unit.UnitTestAdapter" className="AdsApp.Test.TestAuthsController" name="PostAuths_ShouldPostAuths" />
    </UnitTest>
    <UnitTest name="PostAuths_ShouldReturnInvalidModelState" storage="d:\workspace\ads\adsapp.test\bin\debug\adsapp.test.dll" id="f96b525a-8ae1-28eb-2ef4-501275dcf31c">
      <Execution id="9b8975eb-3618-471a-8c0e-ff098cfdbbdf" />
      <TestMethod codeBase="D:\Workspace\Ads\AdsApp.Test\bin\Debug\AdsApp.Test.dll" adapterTypeName="Microsoft.VisualStudio.TestTools.TestTypes.Unit.UnitTestAdapter" className="AdsApp.Test.TestAuthsController" name="PostAuths_ShouldReturnInvalidModelState" />
    </UnitTest>
    <UnitTest name="DeleteAuths_ShouldDeleteAuthsByIdAsync" storage="d:\workspace\ads\adsapp.test\bin\debug\adsapp.test.dll" id="d0c8c421-a10b-7ffb-4f92-38b6e875c470">
      <Execution id="0b7082d9-8b40-4a9e-918c-4beb6eb2ae48" />
      <TestMethod codeBase="D:\Workspace\Ads\AdsApp.Test\bin\Debug\AdsApp.Test.dll" adapterTypeName="Microsoft.VisualStudio.TestTools.TestTypes.Unit.UnitTestAdapter" className="AdsApp.Test.TestAuthsController" name="DeleteAuths_ShouldDeleteAuthsByIdAsync" />
    </UnitTest>
    <UnitTest name="DeleteAuths_ShouldNotFound" storage="d:\workspace\ads\adsapp.test\bin\debug\adsapp.test.dll" id="3e288352-db03-7c8d-1802-be04ec3aa18c">
      <Execution id="dca535dd-223d-4f4e-b7e2-576d07934500" />
      <TestMethod codeBase="D:\Workspace\Ads\AdsApp.Test\bin\Debug\AdsApp.Test.dll" adapterTypeName="Microsoft.VisualStudio.TestTools.TestTypes.Unit.UnitTestAdapter" className="AdsApp.Test.TestAuthsController" name="DeleteAuths_ShouldNotFound" />
    </UnitTest>
  </TestDefinitions>
  <TestEntries>
    <TestEntry testId="8115b1bf-8237-c3c6-5931-c8d9a3851955" executionId="813ac297-acb4-4505-b229-ddf4de9348a4" testListId="8c84fa94-04c1-424b-9868-57a2d4851a1d" />
    <TestEntry testId="e9c0c653-0841-ad6a-ec07-c6e5f5bffac7" executionId="738ab390-3982-4eb8-946f-212e8c4ad917" testListId="8c84fa94-04c1-424b-9868-57a2d4851a1d" />
    <TestEntry testId="700c503c-d200-f04e-1150-32343d37524f" executionId="c6a7cdd7-4d79-42d7-9d15-c047bd69c13d" testListId="8c84fa94-04c1-424b-9868-57a2d4851a1d" />
    <TestEntry testId="a2ff71e4-7b12-e21c-b579-e70cd07f9114" executionId="ad883832-bd0f-4bf8-8fce-69d721784335" testListId="8c84fa94-04c1-424b-9868-57a2d4851a1d" />
    <TestEntry testId="75a61a3c-dbdc-3bf8-91ef-e4aa7045e482" executionId="fb4c0569-57d3-4cd6-90aa-8ae78fffa88a" testListId="8c84fa94-04c1-424b-9868-57a2d4851a1d" />
    <TestEntry testId="54a4d5ff-d8c0-3133-aebb-c9cad2c8adf6" executionId="9b23f182-b073-4fdd-858c-03cad38c4134" testListId="8c84fa94-04c1-424b-9868-57a2d4851a1d" />
    <TestEntry testId="c14877e2-6c1f-df41-b527-73ca0964d24f" executionId="c036199b-4fcf-4c39-a17a-52852adac182" testListId="8c84fa94-04c1-424b-9868-57a2d4851a1d" />
    <TestEntry testId="15c0f7ce-b677-cc0b-3ac5-5aabe07948ee" executionId="de9015c1-ddaa-4ce1-8056-659ef0f3635d" testListId="8c84fa94-04c1-424b-9868-57a2d4851a1d" />
    <TestEntry testId="8855a283-fc77-c132-2bed-be37447501ae" executionId="1be9cb58-8f2e-4261-9265-4b41df86d301" testListId="8c84fa94-04c1-424b-9868-57a2d4851a1d" />
    <TestEntry testId="b4e84474-fc20-1726-c7f6-20904f0be419" executionId="c1efcac6-deac-431d-91e7-654cdbb2764d" testListId="8c84fa94-04c1-424b-9868-57a2d4851a1d" />
    <TestEntry testId="c260eec7-6fec-8f6e-00f3-657245cf817f" executionId="d2e4ed04-9f2a-4740-9af4-abf6f24a678a" testListId="8c84fa94-04c1-424b-9868-57a2d4851a1d" />
    <TestEntry testId="2e8a0704-fa9b-d9de-3cdc-c1ccf5f7ac54" executionId="fc3d2c00-8b6f-4c45-ac24-0167fcc15d53" testListId="8c84fa94-04c1-424b-9868-57a2d4851a1d" />
    <TestEntry testId="a75edaa1-3902-3b50-c3c8-99ed332d41ac" executionId="304108e3-f7c2-4dd0-9366-e1e3f81581b1" testListId="8c84fa94-04c1-424b-9868-57a2d4851a1d" />
    <TestEntry testId="7397f6b3-19e7-e82f-0eeb-57f2b2ab0084" executionId="1d69fb6e-0e80-403c-b4a6-f1d763920649" testListId="8c84fa94-04c1-424b-9868-57a2d4851a1d" />
    <TestEntry testId="64e70e7b-e5b4-bc86-aaca-ce1cc21d3eb9" executionId="b1ecae95-7a85-4783-8b87-c90c1f402e5d" testListId="8c84fa94-04c1-424b-9868-57a2d4851a1d" />
    <TestEntry testId="cc49bef4-3241-7592-99e7-b67f160e7067" executionId="d8b9ace9-2f38-45eb-ab11-77546bb34acc" testListId="8c84fa94-04c1-424b-9868-57a2d4851a1d" />
    <TestEntry testId="ba07bbce-aa1c-2fb9-f837-be2dc84acb32" executionId="1229193e-57b4-49e7-a310-51ea274fd984" testListId="8c84fa94-04c1-424b-9868-57a2d4851a1d" />
    <TestEntry testId="67815242-94ed-efab-e658-8cd767478765" executionId="51359680-cb94-4725-bac8-7eb2916a0180" testListId="8c84fa94-04c1-424b-9868-57a2d4851a1d" />
    <TestEntry testId="7794087a-3068-12db-776e-a2ab66984257" executionId="b2430a8f-92d9-4ab8-b69e-d08d46fcedec" testListId="8c84fa94-04c1-424b-9868-57a2d4851a1d" />
    <TestEntry testId="a722a231-acd7-d1dd-ab27-53718695e1d0" executionId="1d0dcc74-73bc-41b8-98f2-23066401f256" testListId="8c84fa94-04c1-424b-9868-57a2d4851a1d" />
    <TestEntry testId="3c818b01-4acc-b659-2a56-5abb108ff939" executionId="fa81f562-0766-46d5-b356-cfb5cbfd5645" testListId="8c84fa94-04c1-424b-9868-57a2d4851a1d" />
    <TestEntry testId="edb31493-5f23-ac75-a8cf-18873fca2b3c" executionId="ec95a7cb-9e64-4065-bd58-339660098edc" testListId="8c84fa94-04c1-424b-9868-57a2d4851a1d" />
    <TestEntry testId="f27b8258-fc52-94e1-bbd1-0b587dac64ac" executionId="d9bf671b-2cef-4f57-a33d-40b6817beb65" testListId="8c84fa94-04c1-424b-9868-57a2d4851a1d" />
    <TestEntry testId="65cd639c-8d81-46af-f1b1-f9f49a9cf5ca" executionId="9af24db3-7ece-4a00-9096-fa43842efe7d" testListId="8c84fa94-04c1-424b-9868-57a2d4851a1d" />
    <TestEntry testId="2eb557b6-c2d2-291c-f185-76ea8a8dc2d1" executionId="39a29391-e8ee-4d79-b304-78c18c473e9b" testListId="8c84fa94-04c1-424b-9868-57a2d4851a1d" />
    <TestEntry testId="e3663904-abd3-69bb-be42-950277ecab3b" executionId="91bbd56b-f111-4250-8ff1-d584669c18cd" testListId="8c84fa94-04c1-424b-9868-57a2d4851a1d" />
    <TestEntry testId="7d551046-1ca2-9c77-adfe-6f3a9497c675" executionId="6ee11cd8-ab97-4bea-bb7b-0ed3e8096b2f" testListId="8c84fa94-04c1-424b-9868-57a2d4851a1d" />
    <TestEntry testId="39caf363-ec9a-ee24-aad6-62212782845a" executionId="06d3f55b-d458-484e-9fb1-3cd16452d9bc" testListId="8c84fa94-04c1-424b-9868-57a2d4851a1d" />
    <TestEntry testId="cfdd1063-d828-b851-29d0-9d0ebef7631d" executionId="ca102fdf-54e1-4df8-912c-1d003f24c3e7" testListId="8c84fa94-04c1-424b-9868-57a2d4851a1d" />
    <TestEntry testId="18330eee-9409-b83d-c2fa-895e6c352920" executionId="916e2f25-05f8-41d5-935c-6b1cfbd717c2" testListId="8c84fa94-04c1-424b-9868-57a2d4851a1d" />
    <TestEntry testId="f96b525a-8ae1-28eb-2ef4-501275dcf31c" executionId="9b8975eb-3618-471a-8c0e-ff098cfdbbdf" testListId="8c84fa94-04c1-424b-9868-57a2d4851a1d" />
    <TestEntry testId="d0c8c421-a10b-7ffb-4f92-38b6e875c470" executionId="0b7082d9-8b40-4a9e-918c-4beb6eb2ae48" testListId="8c84fa94-04c1-424b-9868-57a2d4851a1d" />
    <TestEntry testId="3e288352-db03-7c8d-1802-be04ec3aa18c" executionId="dca535dd-223d-4f4e-b7e2-576d07934500" testListId="8c84fa94-04c1-424b-9868-57a2d4851a1d" />
  </TestEntries>
  <TestLists>
    <TestList name="Results Not in a List" id="8c84fa94-04c1-424b-9868-57a2d4851a1d" />
    <TestList name="All Loaded Results" id="19431567-8539-422a-85d7-44ee4e166bda" />
  </TestLists>
  <ResultSummary outcome="Completed">
    <Counters total="33" executed="33" passed="33" failed="0" error="0" timeout="0" aborted="0" inconclusive="0" passedButRunAborted="0" notRunnable="0" notExecuted="0" disconnected="0" warning="0" completed="0" inProgress="0" pending="0" />
  </ResultSummary>
</TestRun>